[2025-09-23 01:39:52] production.DEBUG: From: Go Trip <contact@gotrip.test>
To: isadmin@stayplan.net
Subject: [StayPlan | =?utf-8?Q?=D8=B3=D8=AA=D8=A7=D9=8A?=
 =?utf-8?Q?_=D8=A8=D9=84=D8=A7=D9=86=5D_=D8=AA=D8=AD=D9=82=D9=82_?=
 =?utf-8?Q?=D8=A7=D9=84=D8=AA=D8=B3=D8=AC=D9=8A=D9=84?=
MIME-Version: 1.0
Date: Tue, 23 Sep 2025 01:39:52 +0300
Message-ID: <bd0441df018d237887f3dff4333e771b@gotrip.test>
Content-Type: text/html; charset=utf-8
Content-Transfer-Encoding: quoted-printable

<!doctype html>
<html xmlns=3D"http://www.w3.org/1999/xhtml" xmlns:v=3D"urn:schemas-microso=
ft-com:vml" xmlns:o=3D"urn:schemas-microsoft-com:office:office">
    <head>
        <title></title>
        <meta http-equiv=3D"X-UA-Compatible" content=3D"IE=3Dedge">
        <!--<![endif]-->
        <meta http-equiv=3D"Content-Type" content=3D"text/html; charset=3DU=
TF-8">
        <meta name=3D"viewport" content=3D"width=3Ddevice-width, initial-sc=
ale=3D1">
        <link rel=3D'stylesheet' id=3D'google-font-css-css'  href=3D'https:=
//fonts.googleapis.com/css?family=3DPoppins%3A400%2C500%2C600' type=3D'text=
/css' media=3D'all' />
        <style>
            .b-email-wrap{
                background: #ebeef2;
                padding: 40px 0px;
                color: #1A2B48;
                font-size: 14px;
                font-family: 'Poppins', sans-serif !important;
                font-weight: normal;
                line-height: 1.5;
                overflow-x: hidden;
                margin: 0px;
            }
            .b-header{
                background: #5191fa;
                padding: 30px;
                color: white;
            }
            .b-header .site-title,
            .b-header h1,
            .b-header h2,
            .b-header h3,
            .b-header h4,
            .b-header h5,
            .b-header p
            {
                margin:0px;
                display: block;
                text-align: center;
            }
            .b-container{
                max-width: 600px;
                margin: 0px auto;
            }

            .b-panel{
                border: 1px solid rgba(0, 0, 0, 0.1);
                margin-bottom: 30px;
                padding: 30px;
                background: white;
            }
            .b-panel .b-panel{
                padding: 0px;
                box-shadow: none;
            }
            .b-panel-title{
                text-align: center;
                margin-bottom: 30px;
                font-size: 24px;
                font-weight: 500;
            }
            .b-table-wrap{
                overflow-x:auto;
            }
            .b-table{
                width: 100%;
            }
            .b-table tr td,
            .b-table .b-tr,
            .b-table tr th{
                padding: 10px;
            }
            .b-table .b-tr{
                clear: both;
                border-bottom: 1px solid #EAEEF3;
            }
            .b-table .b-tr:after{
                display: table;
                clear: both;
                content:'';
            }
            .b-table tr td{
                border-bottom: 1px solid #EAEEF3;
            }
            .b-table tbody tr:nth-child(even) td{
                /*background: #f5f7fd;*/
            }
            .b-table tbody tr td.label,
            .b-table .b-tr .label{
                font-weight: 500;
            }
            .b-table tbody tr td.val,
            .b-table .b-tr .val{
                text-align: right;
            }

            .b-table tbody tr td.val p,
            .b-table .b-tr .val p{
                padding: 0;
                margin: 0;
            }

            .b-table .b-tr .label,
            .b-table .b-tr .val{
                float: left;
                width: 50%;
            }
            .pricing-list{
                text-align: left;
                margin: 0px;
                padding: 0px;
                list-style: none;
            }
            .pricing-list td{
                padding: 7px 0px;
            }
            .pricing-list td .val{
                text-align: right;
            }
            .pricing-list .no-flex{
                display: block;
            }
            .email-headline{
                margin-top: 0px;
            }

            .text-center{
                text-align: center;
            }

            .btn{
                display: inline-block;
                color: #212529;
                text-align: center;
                vertical-align: middle;
                -webkit-user-select: none;
                -moz-user-select: none;
                -ms-user-select: none;
                user-select: none;
                background-color: #ebeef2;
                line-height: 1.5;
                border: none;
                -webkit-box-shadow: none;
                box-shadow: none;
                border-radius: 3px;
                padding: 7px 20px;
                -webkit-transition: background .2s, color .2s;
                transition: background .2s, color .2s;
                font-size: 14px;
                font-weight: 500;
                text-decoration: none;
            }
            .btn.btn-primary{

                background: #5191FA;
                color: white;
            }
            .mt20{
                margin-top: 20px;
            }
            .no-padding{
                padding: 0px;
            }
            .no-r-padding{
                padding-right: 0px!important;
            }
            .fsz21{
                font-size: 21px;
            }
            .no-b-border{
                border-bottom: 0px!important;
            }
            @media screen and (max-width: 768px) {
                .b-panel{
                    padding: 15px;
                }
                .b-table tr td,
                .b-table tr th{
                    padding-right: 2px;
                    padding-left: 2px;
                }
                .b-panel-title{
                    font-size: 18px;
                    font-weight: bold;
                    margin-bottom: 15px;
                }
                .b-email-wrap{
                    padding: 0px;
                }

                .b-table .b-tr .label,
                .b-table .b-tr .val{
                    float:none;
                }

                .b-table .b-tr .val{
                    text-align: left;
                }
            }
                            .b-email-wrap{
                    direction: rtl;
                }
                .b-table tbody tr td.val, .b-table .b-tr .val {
                    text-align: left;
                }
                .b-table .b-tr .label, .b-table .b-tr .val {
                    float: right;
                }
                    </style>
    </head>
    <body>
        <div class=3D"b-email-wrap">
            <div class=3D"" style=3D"">
    <div class=3D"b-container">
        <div class=3D"b-header">
                        <h1 class=3D"site-title">StayPlan | =D8=B3=D8=AA=
=D8=A7=D9=8A =D8=A8=D9=84=D8=A7=D9=86</h1>
        </div>
    </div>
</div>

                <div class=3D"b-container">
        <div class=3D"b-panel">
           =20
            <h1>Hello!</h1>
            <p>Please click the button to verify your email address!</p>
            <p style=3D"text-align: center"><a style=3D"border-radius: 3px;
                color: #fff;
                display: inline-block;
                text-decoration: none;
                background-color: #3490dc;
                border-top: 10px solid #3490dc;
                border-right: 18px solid #3490dc;
                border-bottom: 10px solid #3490dc;
                border-left: 18px solid #3490dc;" href=3D"https://stayplan.=
net/email/verify/11/8dcc47192899e19991478f449c8075c35126c81b?expires=3D1758=
584392&signature=3D2ff4b5c1ddf0c79760e16d4bbb85efd3ba30f37d044cab5fcfcbbc1a=
09b8432b">=D8=AA=D8=AD=D9=82=D9=82 =D9=85=D9=86 =D8=B9=D9=86=D9=88=D8=A7=
=D9=86 =D8=A7=D9=84=D8=A8=D8=B1=D9=8A=D8=AF =D8=A7=D9=84=D8=A5=D9=84=D9=
=83=D8=AA=D8=B1=D9=88=D9=86=D9=8A</a></p>
            <p>If you did not create account, no further action is required=
.</p>
            <p>Regards,<br>StayPlan | =D8=B3=D8=AA=D8=A7=D9=8A =D8=A8=D9=
=84=D8=A7=D9=86</p>
        </div>
    </div>

            <div class=3D"b-footer" style=3D"margin-top: 0px;">
    <div class=3D"b-container">
       =20
    </div>
</div>        </div>
    </body>
</html>
  
[2025-09-23 01:39:52] production.DEBUG: From: Go Trip <contact@gotrip.test>
To: isadmin@stayplan.net
Subject: isadmin istrue has registered.
MIME-Version: 1.0
Date: Tue, 23 Sep 2025 01:39:52 +0300
Message-ID: <ba6a87a47aa0d789c0f9f4a73a208497@gotrip.test>
Content-Type: text/html; charset=utf-8
Content-Transfer-Encoding: quoted-printable

<!doctype html>
<html xmlns=3D"http://www.w3.org/1999/xhtml" xmlns:v=3D"urn:schemas-microso=
ft-com:vml" xmlns:o=3D"urn:schemas-microsoft-com:office:office">
    <head>
        <title></title>
        <meta http-equiv=3D"X-UA-Compatible" content=3D"IE=3Dedge">
        <!--<![endif]-->
        <meta http-equiv=3D"Content-Type" content=3D"text/html; charset=3DU=
TF-8">
        <meta name=3D"viewport" content=3D"width=3Ddevice-width, initial-sc=
ale=3D1">
        <link rel=3D'stylesheet' id=3D'google-font-css-css'  href=3D'https:=
//fonts.googleapis.com/css?family=3DPoppins%3A400%2C500%2C600' type=3D'text=
/css' media=3D'all' />
        <style>
            .b-email-wrap{
                background: #ebeef2;
                padding: 40px 0px;
                color: #1A2B48;
                font-size: 14px;
                font-family: 'Poppins', sans-serif !important;
                font-weight: normal;
                line-height: 1.5;
                overflow-x: hidden;
                margin: 0px;
            }
            .b-header{
                background: #5191fa;
                padding: 30px;
                color: white;
            }
            .b-header .site-title,
            .b-header h1,
            .b-header h2,
            .b-header h3,
            .b-header h4,
            .b-header h5,
            .b-header p
            {
                margin:0px;
                display: block;
                text-align: center;
            }
            .b-container{
                max-width: 600px;
                margin: 0px auto;
            }

            .b-panel{
                border: 1px solid rgba(0, 0, 0, 0.1);
                margin-bottom: 30px;
                padding: 30px;
                background: white;
            }
            .b-panel .b-panel{
                padding: 0px;
                box-shadow: none;
            }
            .b-panel-title{
                text-align: center;
                margin-bottom: 30px;
                font-size: 24px;
                font-weight: 500;
            }
            .b-table-wrap{
                overflow-x:auto;
            }
            .b-table{
                width: 100%;
            }
            .b-table tr td,
            .b-table .b-tr,
            .b-table tr th{
                padding: 10px;
            }
            .b-table .b-tr{
                clear: both;
                border-bottom: 1px solid #EAEEF3;
            }
            .b-table .b-tr:after{
                display: table;
                clear: both;
                content:'';
            }
            .b-table tr td{
                border-bottom: 1px solid #EAEEF3;
            }
            .b-table tbody tr:nth-child(even) td{
                /*background: #f5f7fd;*/
            }
            .b-table tbody tr td.label,
            .b-table .b-tr .label{
                font-weight: 500;
            }
            .b-table tbody tr td.val,
            .b-table .b-tr .val{
                text-align: right;
            }

            .b-table tbody tr td.val p,
            .b-table .b-tr .val p{
                padding: 0;
                margin: 0;
            }

            .b-table .b-tr .label,
            .b-table .b-tr .val{
                float: left;
                width: 50%;
            }
            .pricing-list{
                text-align: left;
                margin: 0px;
                padding: 0px;
                list-style: none;
            }
            .pricing-list td{
                padding: 7px 0px;
            }
            .pricing-list td .val{
                text-align: right;
            }
            .pricing-list .no-flex{
                display: block;
            }
            .email-headline{
                margin-top: 0px;
            }

            .text-center{
                text-align: center;
            }

            .btn{
                display: inline-block;
                color: #212529;
                text-align: center;
                vertical-align: middle;
                -webkit-user-select: none;
                -moz-user-select: none;
                -ms-user-select: none;
                user-select: none;
                background-color: #ebeef2;
                line-height: 1.5;
                border: none;
                -webkit-box-shadow: none;
                box-shadow: none;
                border-radius: 3px;
                padding: 7px 20px;
                -webkit-transition: background .2s, color .2s;
                transition: background .2s, color .2s;
                font-size: 14px;
                font-weight: 500;
                text-decoration: none;
            }
            .btn.btn-primary{

                background: #5191FA;
                color: white;
            }
            .mt20{
                margin-top: 20px;
            }
            .no-padding{
                padding: 0px;
            }
            .no-r-padding{
                padding-right: 0px!important;
            }
            .fsz21{
                font-size: 21px;
            }
            .no-b-border{
                border-bottom: 0px!important;
            }
            @media screen and (max-width: 768px) {
                .b-panel{
                    padding: 15px;
                }
                .b-table tr td,
                .b-table tr th{
                    padding-right: 2px;
                    padding-left: 2px;
                }
                .b-panel-title{
                    font-size: 18px;
                    font-weight: bold;
                    margin-bottom: 15px;
                }
                .b-email-wrap{
                    padding: 0px;
                }

                .b-table .b-tr .label,
                .b-table .b-tr .val{
                    float:none;
                }

                .b-table .b-tr .val{
                    text-align: left;
                }
            }
                            .b-email-wrap{
                    direction: rtl;
                }
                .b-table tbody tr td.val, .b-table .b-tr .val {
                    text-align: left;
                }
                .b-table .b-tr .label, .b-table .b-tr .val {
                    float: right;
                }
                    </style>
    </head>
    <body>
        <div class=3D"b-email-wrap">
            <div class=3D"" style=3D"">
    <div class=3D"b-container">
        <div class=3D"b-header">
                        <h1 class=3D"site-title">StayPlan | =D8=B3=D8=AA=
=D8=A7=D9=8A =D8=A8=D9=84=D8=A7=D9=86</h1>
        </div>
    </div>
</div>

                <div class=3D"b-container">
        <div class=3D"b-panel">
            <h1 style=3D"text-align: center">Welcome!</h1>
                    <h3>Hello isadmin istrue</h3>
                    <p>Thank you for signing up with Go Trip! We hope you e=
njoy your time with us.</p>
                    <p>Regards,</p>
                    <p>Go Trip</p>
        </div>
    </div>

            <div class=3D"b-footer" style=3D"margin-top: 0px;">
    <div class=3D"b-container">
       =20
    </div>
</div>        </div>
    </body>
</html>
  
[2025-09-23 01:39:52] production.DEBUG: From: Go Trip <contact@gotrip.test>
To: contact@gotrip.test
Subject: isadmin istrue has registered.
MIME-Version: 1.0
Date: Tue, 23 Sep 2025 01:39:52 +0300
Message-ID: <d0e8778fa6d2f42870993ef03596567f@gotrip.test>
Content-Type: text/html; charset=utf-8
Content-Transfer-Encoding: quoted-printable

<!doctype html>
<html xmlns=3D"http://www.w3.org/1999/xhtml" xmlns:v=3D"urn:schemas-microso=
ft-com:vml" xmlns:o=3D"urn:schemas-microsoft-com:office:office">
    <head>
        <title></title>
        <meta http-equiv=3D"X-UA-Compatible" content=3D"IE=3Dedge">
        <!--<![endif]-->
        <meta http-equiv=3D"Content-Type" content=3D"text/html; charset=3DU=
TF-8">
        <meta name=3D"viewport" content=3D"width=3Ddevice-width, initial-sc=
ale=3D1">
        <link rel=3D'stylesheet' id=3D'google-font-css-css'  href=3D'https:=
//fonts.googleapis.com/css?family=3DPoppins%3A400%2C500%2C600' type=3D'text=
/css' media=3D'all' />
        <style>
            .b-email-wrap{
                background: #ebeef2;
                padding: 40px 0px;
                color: #1A2B48;
                font-size: 14px;
                font-family: 'Poppins', sans-serif !important;
                font-weight: normal;
                line-height: 1.5;
                overflow-x: hidden;
                margin: 0px;
            }
            .b-header{
                background: #5191fa;
                padding: 30px;
                color: white;
            }
            .b-header .site-title,
            .b-header h1,
            .b-header h2,
            .b-header h3,
            .b-header h4,
            .b-header h5,
            .b-header p
            {
                margin:0px;
                display: block;
                text-align: center;
            }
            .b-container{
                max-width: 600px;
                margin: 0px auto;
            }

            .b-panel{
                border: 1px solid rgba(0, 0, 0, 0.1);
                margin-bottom: 30px;
                padding: 30px;
                background: white;
            }
            .b-panel .b-panel{
                padding: 0px;
                box-shadow: none;
            }
            .b-panel-title{
                text-align: center;
                margin-bottom: 30px;
                font-size: 24px;
                font-weight: 500;
            }
            .b-table-wrap{
                overflow-x:auto;
            }
            .b-table{
                width: 100%;
            }
            .b-table tr td,
            .b-table .b-tr,
            .b-table tr th{
                padding: 10px;
            }
            .b-table .b-tr{
                clear: both;
                border-bottom: 1px solid #EAEEF3;
            }
            .b-table .b-tr:after{
                display: table;
                clear: both;
                content:'';
            }
            .b-table tr td{
                border-bottom: 1px solid #EAEEF3;
            }
            .b-table tbody tr:nth-child(even) td{
                /*background: #f5f7fd;*/
            }
            .b-table tbody tr td.label,
            .b-table .b-tr .label{
                font-weight: 500;
            }
            .b-table tbody tr td.val,
            .b-table .b-tr .val{
                text-align: right;
            }

            .b-table tbody tr td.val p,
            .b-table .b-tr .val p{
                padding: 0;
                margin: 0;
            }

            .b-table .b-tr .label,
            .b-table .b-tr .val{
                float: left;
                width: 50%;
            }
            .pricing-list{
                text-align: left;
                margin: 0px;
                padding: 0px;
                list-style: none;
            }
            .pricing-list td{
                padding: 7px 0px;
            }
            .pricing-list td .val{
                text-align: right;
            }
            .pricing-list .no-flex{
                display: block;
            }
            .email-headline{
                margin-top: 0px;
            }

            .text-center{
                text-align: center;
            }

            .btn{
                display: inline-block;
                color: #212529;
                text-align: center;
                vertical-align: middle;
                -webkit-user-select: none;
                -moz-user-select: none;
                -ms-user-select: none;
                user-select: none;
                background-color: #ebeef2;
                line-height: 1.5;
                border: none;
                -webkit-box-shadow: none;
                box-shadow: none;
                border-radius: 3px;
                padding: 7px 20px;
                -webkit-transition: background .2s, color .2s;
                transition: background .2s, color .2s;
                font-size: 14px;
                font-weight: 500;
                text-decoration: none;
            }
            .btn.btn-primary{

                background: #5191FA;
                color: white;
            }
            .mt20{
                margin-top: 20px;
            }
            .no-padding{
                padding: 0px;
            }
            .no-r-padding{
                padding-right: 0px!important;
            }
            .fsz21{
                font-size: 21px;
            }
            .no-b-border{
                border-bottom: 0px!important;
            }
            @media screen and (max-width: 768px) {
                .b-panel{
                    padding: 15px;
                }
                .b-table tr td,
                .b-table tr th{
                    padding-right: 2px;
                    padding-left: 2px;
                }
                .b-panel-title{
                    font-size: 18px;
                    font-weight: bold;
                    margin-bottom: 15px;
                }
                .b-email-wrap{
                    padding: 0px;
                }

                .b-table .b-tr .label,
                .b-table .b-tr .val{
                    float:none;
                }

                .b-table .b-tr .val{
                    text-align: left;
                }
            }
                            .b-email-wrap{
                    direction: rtl;
                }
                .b-table tbody tr td.val, .b-table .b-tr .val {
                    text-align: left;
                }
                .b-table .b-tr .label, .b-table .b-tr .val {
                    float: right;
                }
                    </style>
    </head>
    <body>
        <div class=3D"b-email-wrap">
            <div class=3D"" style=3D"">
    <div class=3D"b-container">
        <div class=3D"b-header">
                        <h1 class=3D"site-title">StayPlan | =D8=B3=D8=AA=
=D8=A7=D9=8A =D8=A8=D9=84=D8=A7=D9=86</h1>
        </div>
    </div>
</div>

                <div class=3D"b-container">
        <div class=3D"b-panel">
            <h3>Hello Administrator</h3>
                    <p>We have new registration</p>
                    <p>Full name: isadmin istrue</p>
                    <p>Email: isadmin@stayplan.net</p>
                    <p>Regards,</p>
                    <p>Go Trip</p>
        </div>
    </div>

            <div class=3D"b-footer" style=3D"margin-top: 0px;">
    <div class=3D"b-container">
       =20
    </div>
</div>        </div>
    </body>
</html>
  
[2025-09-23 01:41:03] production.DEBUG: From: Go Trip <contact@gotrip.test>
To: isadmin@stayplan.net
Subject: isadmin istrue has registered.
MIME-Version: 1.0
Date: Tue, 23 Sep 2025 01:41:03 +0300
Message-ID: <111b2f0c71962bf938ff17983cf43030@gotrip.test>
Content-Type: text/html; charset=utf-8
Content-Transfer-Encoding: quoted-printable

<!doctype html>
<html xmlns=3D"http://www.w3.org/1999/xhtml" xmlns:v=3D"urn:schemas-microso=
ft-com:vml" xmlns:o=3D"urn:schemas-microsoft-com:office:office">
    <head>
        <title></title>
        <meta http-equiv=3D"X-UA-Compatible" content=3D"IE=3Dedge">
        <!--<![endif]-->
        <meta http-equiv=3D"Content-Type" content=3D"text/html; charset=3DU=
TF-8">
        <meta name=3D"viewport" content=3D"width=3Ddevice-width, initial-sc=
ale=3D1">
        <link rel=3D'stylesheet' id=3D'google-font-css-css'  href=3D'https:=
//fonts.googleapis.com/css?family=3DPoppins%3A400%2C500%2C600' type=3D'text=
/css' media=3D'all' />
        <style>
            .b-email-wrap{
                background: #ebeef2;
                padding: 40px 0px;
                color: #1A2B48;
                font-size: 14px;
                font-family: 'Poppins', sans-serif !important;
                font-weight: normal;
                line-height: 1.5;
                overflow-x: hidden;
                margin: 0px;
            }
            .b-header{
                background: #5191fa;
                padding: 30px;
                color: white;
            }
            .b-header .site-title,
            .b-header h1,
            .b-header h2,
            .b-header h3,
            .b-header h4,
            .b-header h5,
            .b-header p
            {
                margin:0px;
                display: block;
                text-align: center;
            }
            .b-container{
                max-width: 600px;
                margin: 0px auto;
            }

            .b-panel{
                border: 1px solid rgba(0, 0, 0, 0.1);
                margin-bottom: 30px;
                padding: 30px;
                background: white;
            }
            .b-panel .b-panel{
                padding: 0px;
                box-shadow: none;
            }
            .b-panel-title{
                text-align: center;
                margin-bottom: 30px;
                font-size: 24px;
                font-weight: 500;
            }
            .b-table-wrap{
                overflow-x:auto;
            }
            .b-table{
                width: 100%;
            }
            .b-table tr td,
            .b-table .b-tr,
            .b-table tr th{
                padding: 10px;
            }
            .b-table .b-tr{
                clear: both;
                border-bottom: 1px solid #EAEEF3;
            }
            .b-table .b-tr:after{
                display: table;
                clear: both;
                content:'';
            }
            .b-table tr td{
                border-bottom: 1px solid #EAEEF3;
            }
            .b-table tbody tr:nth-child(even) td{
                /*background: #f5f7fd;*/
            }
            .b-table tbody tr td.label,
            .b-table .b-tr .label{
                font-weight: 500;
            }
            .b-table tbody tr td.val,
            .b-table .b-tr .val{
                text-align: right;
            }

            .b-table tbody tr td.val p,
            .b-table .b-tr .val p{
                padding: 0;
                margin: 0;
            }

            .b-table .b-tr .label,
            .b-table .b-tr .val{
                float: left;
                width: 50%;
            }
            .pricing-list{
                text-align: left;
                margin: 0px;
                padding: 0px;
                list-style: none;
            }
            .pricing-list td{
                padding: 7px 0px;
            }
            .pricing-list td .val{
                text-align: right;
            }
            .pricing-list .no-flex{
                display: block;
            }
            .email-headline{
                margin-top: 0px;
            }

            .text-center{
                text-align: center;
            }

            .btn{
                display: inline-block;
                color: #212529;
                text-align: center;
                vertical-align: middle;
                -webkit-user-select: none;
                -moz-user-select: none;
                -ms-user-select: none;
                user-select: none;
                background-color: #ebeef2;
                line-height: 1.5;
                border: none;
                -webkit-box-shadow: none;
                box-shadow: none;
                border-radius: 3px;
                padding: 7px 20px;
                -webkit-transition: background .2s, color .2s;
                transition: background .2s, color .2s;
                font-size: 14px;
                font-weight: 500;
                text-decoration: none;
            }
            .btn.btn-primary{

                background: #5191FA;
                color: white;
            }
            .mt20{
                margin-top: 20px;
            }
            .no-padding{
                padding: 0px;
            }
            .no-r-padding{
                padding-right: 0px!important;
            }
            .fsz21{
                font-size: 21px;
            }
            .no-b-border{
                border-bottom: 0px!important;
            }
            @media screen and (max-width: 768px) {
                .b-panel{
                    padding: 15px;
                }
                .b-table tr td,
                .b-table tr th{
                    padding-right: 2px;
                    padding-left: 2px;
                }
                .b-panel-title{
                    font-size: 18px;
                    font-weight: bold;
                    margin-bottom: 15px;
                }
                .b-email-wrap{
                    padding: 0px;
                }

                .b-table .b-tr .label,
                .b-table .b-tr .val{
                    float:none;
                }

                .b-table .b-tr .val{
                    text-align: left;
                }
            }
                            .b-email-wrap{
                    direction: rtl;
                }
                .b-table tbody tr td.val, .b-table .b-tr .val {
                    text-align: left;
                }
                .b-table .b-tr .label, .b-table .b-tr .val {
                    float: right;
                }
                    </style>
    </head>
    <body>
        <div class=3D"b-email-wrap">
            <div class=3D"" style=3D"">
    <div class=3D"b-container">
        <div class=3D"b-header">
                        <h1 class=3D"site-title">StayPlan | =D8=B3=D8=AA=
=D8=A7=D9=8A =D8=A8=D9=84=D8=A7=D9=86</h1>
        </div>
    </div>
</div>

                <div class=3D"b-container">
        <div class=3D"b-panel">
            <h1 style=3D"text-align: center;">=D9=85=D8=B1=D8=AD=D8=A8=
=D8=A7=D9=8B</h1>
<h3>=D9=85=D8=B1=D8=AD=D8=A8=D8=A7 isadmin istrue</h3>
<p>=D8=B4=D9=83=D8=B1=D9=8B=D8=A7 =D9=84=D9=83 =D8=B9=D9=84=D9=89 =D8=A7=
=D9=84=D8=AA=D8=B3=D8=AC=D9=8A=D9=84 =D9=81=D9=8A =D8=B1=D8=AD=D8=A7=D9=
=84 =D9=86=D8=A3=D9=85=D9=84 =D8=A3=D9=86 =D8=AA=D8=B3=D8=AA=D9=85=D8=AA=
=D8=B9 =D9=88=D9=82=D8=AA=D9=83 =D9=85=D8=B9=D9=86=D8=A7.</p>
<p>=D9=8A=D8=B9=D8=AA=D8=A8=D8=B1=D8=8C</p>
<p>=D8=A7=D8=B0=D9=87=D8=A8 =D9=84=D9=84=D8=B1=D8=AD=D9=84=D8=A9</p>
        </div>
    </div>

            <div class=3D"b-footer" style=3D"margin-top: 0px;">
    <div class=3D"b-container">
       =20
    </div>
</div>        </div>
    </body>
</html>
  
[2025-09-23 01:41:03] production.DEBUG: From: Go Trip <contact@gotrip.test>
To: contact@gotrip.test
Subject: =?utf-8?Q?=D8=AA=D8=B3=D8=AC=D9=8A=D9=84_=D8=A8=D8=A7?=
 =?utf-8?Q?=D8=A6=D8=B9_=D8=AC=D8=AF=D9=8A=D8=AF?=
MIME-Version: 1.0
Date: Tue, 23 Sep 2025 01:41:03 +0300
Message-ID: <9b6e82f4d0b739f70f88898b507a207a@gotrip.test>
Content-Type: text/html; charset=utf-8
Content-Transfer-Encoding: quoted-printable

<!doctype html>
<html xmlns=3D"http://www.w3.org/1999/xhtml" xmlns:v=3D"urn:schemas-microso=
ft-com:vml" xmlns:o=3D"urn:schemas-microsoft-com:office:office">
    <head>
        <title></title>
        <meta http-equiv=3D"X-UA-Compatible" content=3D"IE=3Dedge">
        <!--<![endif]-->
        <meta http-equiv=3D"Content-Type" content=3D"text/html; charset=3DU=
TF-8">
        <meta name=3D"viewport" content=3D"width=3Ddevice-width, initial-sc=
ale=3D1">
        <link rel=3D'stylesheet' id=3D'google-font-css-css'  href=3D'https:=
//fonts.googleapis.com/css?family=3DPoppins%3A400%2C500%2C600' type=3D'text=
/css' media=3D'all' />
        <style>
            .b-email-wrap{
                background: #ebeef2;
                padding: 40px 0px;
                color: #1A2B48;
                font-size: 14px;
                font-family: 'Poppins', sans-serif !important;
                font-weight: normal;
                line-height: 1.5;
                overflow-x: hidden;
                margin: 0px;
            }
            .b-header{
                background: #5191fa;
                padding: 30px;
                color: white;
            }
            .b-header .site-title,
            .b-header h1,
            .b-header h2,
            .b-header h3,
            .b-header h4,
            .b-header h5,
            .b-header p
            {
                margin:0px;
                display: block;
                text-align: center;
            }
            .b-container{
                max-width: 600px;
                margin: 0px auto;
            }

            .b-panel{
                border: 1px solid rgba(0, 0, 0, 0.1);
                margin-bottom: 30px;
                padding: 30px;
                background: white;
            }
            .b-panel .b-panel{
                padding: 0px;
                box-shadow: none;
            }
            .b-panel-title{
                text-align: center;
                margin-bottom: 30px;
                font-size: 24px;
                font-weight: 500;
            }
            .b-table-wrap{
                overflow-x:auto;
            }
            .b-table{
                width: 100%;
            }
            .b-table tr td,
            .b-table .b-tr,
            .b-table tr th{
                padding: 10px;
            }
            .b-table .b-tr{
                clear: both;
                border-bottom: 1px solid #EAEEF3;
            }
            .b-table .b-tr:after{
                display: table;
                clear: both;
                content:'';
            }
            .b-table tr td{
                border-bottom: 1px solid #EAEEF3;
            }
            .b-table tbody tr:nth-child(even) td{
                /*background: #f5f7fd;*/
            }
            .b-table tbody tr td.label,
            .b-table .b-tr .label{
                font-weight: 500;
            }
            .b-table tbody tr td.val,
            .b-table .b-tr .val{
                text-align: right;
            }

            .b-table tbody tr td.val p,
            .b-table .b-tr .val p{
                padding: 0;
                margin: 0;
            }

            .b-table .b-tr .label,
            .b-table .b-tr .val{
                float: left;
                width: 50%;
            }
            .pricing-list{
                text-align: left;
                margin: 0px;
                padding: 0px;
                list-style: none;
            }
            .pricing-list td{
                padding: 7px 0px;
            }
            .pricing-list td .val{
                text-align: right;
            }
            .pricing-list .no-flex{
                display: block;
            }
            .email-headline{
                margin-top: 0px;
            }

            .text-center{
                text-align: center;
            }

            .btn{
                display: inline-block;
                color: #212529;
                text-align: center;
                vertical-align: middle;
                -webkit-user-select: none;
                -moz-user-select: none;
                -ms-user-select: none;
                user-select: none;
                background-color: #ebeef2;
                line-height: 1.5;
                border: none;
                -webkit-box-shadow: none;
                box-shadow: none;
                border-radius: 3px;
                padding: 7px 20px;
                -webkit-transition: background .2s, color .2s;
                transition: background .2s, color .2s;
                font-size: 14px;
                font-weight: 500;
                text-decoration: none;
            }
            .btn.btn-primary{

                background: #5191FA;
                color: white;
            }
            .mt20{
                margin-top: 20px;
            }
            .no-padding{
                padding: 0px;
            }
            .no-r-padding{
                padding-right: 0px!important;
            }
            .fsz21{
                font-size: 21px;
            }
            .no-b-border{
                border-bottom: 0px!important;
            }
            @media screen and (max-width: 768px) {
                .b-panel{
                    padding: 15px;
                }
                .b-table tr td,
                .b-table tr th{
                    padding-right: 2px;
                    padding-left: 2px;
                }
                .b-panel-title{
                    font-size: 18px;
                    font-weight: bold;
                    margin-bottom: 15px;
                }
                .b-email-wrap{
                    padding: 0px;
                }

                .b-table .b-tr .label,
                .b-table .b-tr .val{
                    float:none;
                }

                .b-table .b-tr .val{
                    text-align: left;
                }
            }
                            .b-email-wrap{
                    direction: rtl;
                }
                .b-table tbody tr td.val, .b-table .b-tr .val {
                    text-align: left;
                }
                .b-table .b-tr .label, .b-table .b-tr .val {
                    float: right;
                }
                    </style>
    </head>
    <body>
        <div class=3D"b-email-wrap">
            <div class=3D"" style=3D"">
    <div class=3D"b-container">
        <div class=3D"b-header">
                        <h1 class=3D"site-title">StayPlan | =D8=B3=D8=AA=
=D8=A7=D9=8A =D8=A8=D9=84=D8=A7=D9=86</h1>
        </div>
    </div>
</div>

            <div class=3D"b-container">
    <div class=3D"b-panel">
        <h3>=D9=85=D8=B1=D8=AD=D8=A8=D8=A7 =D8=A7=D9=84=D9=85=D8=AF=D9=
=8A=D8=B1</h3>
<p>=D9=84=D9=82=D8=AF =D8=AA=D9=85 =D8=AA=D8=B3=D8=AC=D9=8A=D9=84 =D9=85=
=D8=B3=D8=AA=D8=AE=D8=AF=D9=85 =D9=83=D8=A8=D8=A7=D8=A6=D8=B9. =D9=8A=D8=
=B1=D8=AC=D9=89 =D8=A7=D9=84=D8=AA=D8=AD=D9=82=D9=82 =D9=85=D9=86 =D8=A7=
=D9=84=D9=85=D8=B9=D9=84=D9=88=D9=85=D8=A7=D8=AA =D8=A3=D8=AF=D9=86=D8=
=A7=D9=87:</p>
<p>=D8=A7=D9=84=D8=A7=D8=B3=D9=85 =D8=A7=D9=84=D9=83=D8=A7=D9=85=D9=84: isa=
dmin istrue</p>
<p>=D8=A8=D8=B1=D9=8A=D8=AF =D8=A5=D9=84=D9=83=D8=AA=D8=B1=D9=88=D9=86=
=D9=8A: isadmin@stayplan.net</p>
<p>=D8=AA=D8=A7=D8=B1=D9=8A=D8=AE =D8=A7=D9=84=D8=AA=D8=B3=D8=AC=D9=8A=
=D9=84: 2025-09-23 01:39:52</p>
<p>=D9=8A=D9=85=D9=83=D9=86=D9=83 =D8=A7=D9=84=D9=85=D9=88=D8=A7=D9=81=
=D9=82=D8=A9 =D8=B9=D9=84=D9=89 =D8=A7=D9=84=D8=B7=D9=84=D8=A8 =D9=87=D9=
=86=D8=A7:<a href=3D'https://stayplan.net/admin/module/user/userUpgradeRequ=
est'>https://stayplan.net/admin/module/user/userUpgradeRequest</a></p>
<p>=D9=8A=D8=B9=D8=AA=D8=A8=D8=B1=D8=8C</p>
<p>=D8=B1=D8=AD=D8=A7=D9=84</p>
    </div>
</div>

            <div class=3D"b-footer" style=3D"margin-top: 0px;">
    <div class=3D"b-container">
       =20
    </div>
</div>        </div>
    </body>
</html>
  
