[2024-09-11 22:11:22] production.DEBUG: From: Go Trip <contact@gotrip.test>
To: dnm_888@hotmail.com
Subject: =?utf-8?Q?=D8=A7=D9=84=D8=B9=D8=AA=D9=8A=D8=A8=D9=8A?= has
 registered.
MIME-Version: 1.0
Date: Wed, 11 Sep 2024 22:11:22 +0300
Message-ID: <f3661a655b66a4dd83997730b6d9d8e4@gotrip.test>
Content-Type: text/html; charset=utf-8
Content-Transfer-Encoding: quoted-printable

<!doctype html>
<html xmlns=3D"http://www.w3.org/1999/xhtml" xmlns:v=3D"urn:schemas-microso=
ft-com:vml" xmlns:o=3D"urn:schemas-microsoft-com:office:office">
    <head>
        <title></title>
        <meta http-equiv=3D"X-UA-Compatible" content=3D"IE=3Dedge">
        <!--<![endif]-->
        <meta http-equiv=3D"Content-Type" content=3D"text/html; charset=3DU=
TF-8">
        <meta name=3D"viewport" content=3D"width=3Ddevice-width, initial-sc=
ale=3D1">
        <link rel=3D'stylesheet' id=3D'google-font-css-css'  href=3D'https:=
//fonts.googleapis.com/css?family=3DPoppins%3A400%2C500%2C600' type=3D'text=
/css' media=3D'all' />
        <style>
            .b-email-wrap{
                background: #ebeef2;
                padding: 40px 0px;
                color: #1A2B48;
                font-size: 14px;
                font-family: 'Poppins', sans-serif !important;
                font-weight: normal;
                line-height: 1.5;
                overflow-x: hidden;
                margin: 0px;
            }
            .b-header{
                background: #5191fa;
                padding: 30px;
                color: white;
            }
            .b-header .site-title,
            .b-header h1,
            .b-header h2,
            .b-header h3,
            .b-header h4,
            .b-header h5,
            .b-header p
            {
                margin:0px;
                display: block;
                text-align: center;
            }
            .b-container{
                max-width: 600px;
                margin: 0px auto;
            }

            .b-panel{
                border: 1px solid rgba(0, 0, 0, 0.1);
                margin-bottom: 30px;
                padding: 30px;
                background: white;
            }
            .b-panel .b-panel{
                padding: 0px;
                box-shadow: none;
            }
            .b-panel-title{
                text-align: center;
                margin-bottom: 30px;
                font-size: 24px;
                font-weight: 500;
            }
            .b-table-wrap{
                overflow-x:auto;
            }
            .b-table{
                width: 100%;
            }
            .b-table tr td,
            .b-table .b-tr,
            .b-table tr th{
                padding: 10px;
            }
            .b-table .b-tr{
                clear: both;
                border-bottom: 1px solid #EAEEF3;
            }
            .b-table .b-tr:after{
                display: table;
                clear: both;
                content:'';
            }
            .b-table tr td{
                border-bottom: 1px solid #EAEEF3;
            }
            .b-table tbody tr:nth-child(even) td{
                /*background: #f5f7fd;*/
            }
            .b-table tbody tr td.label,
            .b-table .b-tr .label{
                font-weight: 500;
            }
            .b-table tbody tr td.val,
            .b-table .b-tr .val{
                text-align: right;
            }

            .b-table tbody tr td.val p,
            .b-table .b-tr .val p{
                padding: 0;
                margin: 0;
            }

            .b-table .b-tr .label,
            .b-table .b-tr .val{
                float: left;
                width: 50%;
            }
            .pricing-list{
                text-align: left;
                margin: 0px;
                padding: 0px;
                list-style: none;
            }
            .pricing-list td{
                padding: 7px 0px;
            }
            .pricing-list td .val{
                text-align: right;
            }
            .pricing-list .no-flex{
                display: block;
            }
            .email-headline{
                margin-top: 0px;
            }

            .text-center{
                text-align: center;
            }

            .btn{
                display: inline-block;
                color: #212529;
                text-align: center;
                vertical-align: middle;
                -webkit-user-select: none;
                -moz-user-select: none;
                -ms-user-select: none;
                user-select: none;
                background-color: #ebeef2;
                line-height: 1.5;
                border: none;
                -webkit-box-shadow: none;
                box-shadow: none;
                border-radius: 3px;
                padding: 7px 20px;
                -webkit-transition: background .2s, color .2s;
                transition: background .2s, color .2s;
                font-size: 14px;
                font-weight: 500;
                text-decoration: none;
            }
            .btn.btn-primary{

                background: #5191FA;
                color: white;
            }
            .mt20{
                margin-top: 20px;
            }
            .no-padding{
                padding: 0px;
            }
            .no-r-padding{
                padding-right: 0px!important;
            }
            .fsz21{
                font-size: 21px;
            }
            .no-b-border{
                border-bottom: 0px!important;
            }
            @media screen and (max-width: 768px) {
                .b-panel{
                    padding: 15px;
                }
                .b-table tr td,
                .b-table tr th{
                    padding-right: 2px;
                    padding-left: 2px;
                }
                .b-panel-title{
                    font-size: 18px;
                    font-weight: bold;
                    margin-bottom: 15px;
                }
                .b-email-wrap{
                    padding: 0px;
                }

                .b-table .b-tr .label,
                .b-table .b-tr .val{
                    float:none;
                }

                .b-table .b-tr .val{
                    text-align: left;
                }
            }
                            .b-email-wrap{
                    direction: rtl;
                }
                .b-table tbody tr td.val, .b-table .b-tr .val {
                    text-align: left;
                }
                .b-table .b-tr .label, .b-table .b-tr .val {
                    float: right;
                }
                    </style>
    </head>
    <body>
        <div class=3D"b-email-wrap">
            <div class=3D"" style=3D"">
    <div class=3D"b-container">
        <div class=3D"b-header">
                        <h1 class=3D"site-title">StayPlan | =D8=B3=D8=AA=
=D8=A7=D9=8A =D8=A8=D9=84=D8=A7=D9=86</h1>
        </div>
    </div>
</div>

                <div class=3D"b-container">
        <div class=3D"b-panel">
            <h1 style=3D"text-align: center;">=D9=85=D8=B1=D8=AD=D8=A8=
=D8=A7=D9=8B</h1>
<h3>=D9=85=D8=B1=D8=AD=D8=A8=D8=A7 =D9=81=D9=87=D8=AF =D8=A7=D9=84=D8=B9=
=D8=AA=D9=8A=D8=A8=D9=8A</h3>
<p>=D8=B4=D9=83=D8=B1=D9=8B=D8=A7 =D9=84=D9=83 =D8=B9=D9=84=D9=89 =D8=A7=
=D9=84=D8=AA=D8=B3=D8=AC=D9=8A=D9=84 =D9=81=D9=8A =D8=B1=D8=AD=D8=A7=D9=
=84 =D9=86=D8=A3=D9=85=D9=84 =D8=A3=D9=86 =D8=AA=D8=B3=D8=AA=D9=85=D8=AA=
=D8=B9 =D9=88=D9=82=D8=AA=D9=83 =D9=85=D8=B9=D9=86=D8=A7.</p>
<p>=D9=8A=D8=B9=D8=AA=D8=A8=D8=B1=D8=8C</p>
<p>=D8=A7=D8=B0=D9=87=D8=A8 =D9=84=D9=84=D8=B1=D8=AD=D9=84=D8=A9</p>
        </div>
    </div>

            <div class=3D"b-footer" style=3D"margin-top: 0px;">
    <div class=3D"b-container">
       =20
    </div>
</div>        </div>
    </body>
</html>
  
[2024-09-11 22:11:22] production.DEBUG: From: Go Trip <contact@gotrip.test>
To: contact@gotrip.test
Subject: =?utf-8?Q?=D8=AA=D8=B3=D8=AC=D9=8A=D9=84_=D8=A8=D8=A7?=
 =?utf-8?Q?=D8=A6=D8=B9_=D8=AC=D8=AF=D9=8A=D8=AF?=
MIME-Version: 1.0
Date: Wed, 11 Sep 2024 22:11:22 +0300
Message-ID: <b4ebf9578479d8f00d593299385c269d@gotrip.test>
Content-Type: text/html; charset=utf-8
Content-Transfer-Encoding: quoted-printable

<!doctype html>
<html xmlns=3D"http://www.w3.org/1999/xhtml" xmlns:v=3D"urn:schemas-microso=
ft-com:vml" xmlns:o=3D"urn:schemas-microsoft-com:office:office">
    <head>
        <title></title>
        <meta http-equiv=3D"X-UA-Compatible" content=3D"IE=3Dedge">
        <!--<![endif]-->
        <meta http-equiv=3D"Content-Type" content=3D"text/html; charset=3DU=
TF-8">
        <meta name=3D"viewport" content=3D"width=3Ddevice-width, initial-sc=
ale=3D1">
        <link rel=3D'stylesheet' id=3D'google-font-css-css'  href=3D'https:=
//fonts.googleapis.com/css?family=3DPoppins%3A400%2C500%2C600' type=3D'text=
/css' media=3D'all' />
        <style>
            .b-email-wrap{
                background: #ebeef2;
                padding: 40px 0px;
                color: #1A2B48;
                font-size: 14px;
                font-family: 'Poppins', sans-serif !important;
                font-weight: normal;
                line-height: 1.5;
                overflow-x: hidden;
                margin: 0px;
            }
            .b-header{
                background: #5191fa;
                padding: 30px;
                color: white;
            }
            .b-header .site-title,
            .b-header h1,
            .b-header h2,
            .b-header h3,
            .b-header h4,
            .b-header h5,
            .b-header p
            {
                margin:0px;
                display: block;
                text-align: center;
            }
            .b-container{
                max-width: 600px;
                margin: 0px auto;
            }

            .b-panel{
                border: 1px solid rgba(0, 0, 0, 0.1);
                margin-bottom: 30px;
                padding: 30px;
                background: white;
            }
            .b-panel .b-panel{
                padding: 0px;
                box-shadow: none;
            }
            .b-panel-title{
                text-align: center;
                margin-bottom: 30px;
                font-size: 24px;
                font-weight: 500;
            }
            .b-table-wrap{
                overflow-x:auto;
            }
            .b-table{
                width: 100%;
            }
            .b-table tr td,
            .b-table .b-tr,
            .b-table tr th{
                padding: 10px;
            }
            .b-table .b-tr{
                clear: both;
                border-bottom: 1px solid #EAEEF3;
            }
            .b-table .b-tr:after{
                display: table;
                clear: both;
                content:'';
            }
            .b-table tr td{
                border-bottom: 1px solid #EAEEF3;
            }
            .b-table tbody tr:nth-child(even) td{
                /*background: #f5f7fd;*/
            }
            .b-table tbody tr td.label,
            .b-table .b-tr .label{
                font-weight: 500;
            }
            .b-table tbody tr td.val,
            .b-table .b-tr .val{
                text-align: right;
            }

            .b-table tbody tr td.val p,
            .b-table .b-tr .val p{
                padding: 0;
                margin: 0;
            }

            .b-table .b-tr .label,
            .b-table .b-tr .val{
                float: left;
                width: 50%;
            }
            .pricing-list{
                text-align: left;
                margin: 0px;
                padding: 0px;
                list-style: none;
            }
            .pricing-list td{
                padding: 7px 0px;
            }
            .pricing-list td .val{
                text-align: right;
            }
            .pricing-list .no-flex{
                display: block;
            }
            .email-headline{
                margin-top: 0px;
            }

            .text-center{
                text-align: center;
            }

            .btn{
                display: inline-block;
                color: #212529;
                text-align: center;
                vertical-align: middle;
                -webkit-user-select: none;
                -moz-user-select: none;
                -ms-user-select: none;
                user-select: none;
                background-color: #ebeef2;
                line-height: 1.5;
                border: none;
                -webkit-box-shadow: none;
                box-shadow: none;
                border-radius: 3px;
                padding: 7px 20px;
                -webkit-transition: background .2s, color .2s;
                transition: background .2s, color .2s;
                font-size: 14px;
                font-weight: 500;
                text-decoration: none;
            }
            .btn.btn-primary{

                background: #5191FA;
                color: white;
            }
            .mt20{
                margin-top: 20px;
            }
            .no-padding{
                padding: 0px;
            }
            .no-r-padding{
                padding-right: 0px!important;
            }
            .fsz21{
                font-size: 21px;
            }
            .no-b-border{
                border-bottom: 0px!important;
            }
            @media screen and (max-width: 768px) {
                .b-panel{
                    padding: 15px;
                }
                .b-table tr td,
                .b-table tr th{
                    padding-right: 2px;
                    padding-left: 2px;
                }
                .b-panel-title{
                    font-size: 18px;
                    font-weight: bold;
                    margin-bottom: 15px;
                }
                .b-email-wrap{
                    padding: 0px;
                }

                .b-table .b-tr .label,
                .b-table .b-tr .val{
                    float:none;
                }

                .b-table .b-tr .val{
                    text-align: left;
                }
            }
                            .b-email-wrap{
                    direction: rtl;
                }
                .b-table tbody tr td.val, .b-table .b-tr .val {
                    text-align: left;
                }
                .b-table .b-tr .label, .b-table .b-tr .val {
                    float: right;
                }
                    </style>
    </head>
    <body>
        <div class=3D"b-email-wrap">
            <div class=3D"" style=3D"">
    <div class=3D"b-container">
        <div class=3D"b-header">
                        <h1 class=3D"site-title">StayPlan | =D8=B3=D8=AA=
=D8=A7=D9=8A =D8=A8=D9=84=D8=A7=D9=86</h1>
        </div>
    </div>
</div>

            <div class=3D"b-container">
    <div class=3D"b-panel">
        <h3>=D9=85=D8=B1=D8=AD=D8=A8=D8=A7 =D8=A7=D9=84=D9=85=D8=AF=D9=
=8A=D8=B1</h3>
<p>=D9=84=D9=82=D8=AF =D8=AA=D9=85 =D8=AA=D8=B3=D8=AC=D9=8A=D9=84 =D9=85=
=D8=B3=D8=AA=D8=AE=D8=AF=D9=85 =D9=83=D8=A8=D8=A7=D8=A6=D8=B9. =D9=8A=D8=
=B1=D8=AC=D9=89 =D8=A7=D9=84=D8=AA=D8=AD=D9=82=D9=82 =D9=85=D9=86 =D8=A7=
=D9=84=D9=85=D8=B9=D9=84=D9=88=D9=85=D8=A7=D8=AA =D8=A3=D8=AF=D9=86=D8=
=A7=D9=87:</p>
<p>=D8=A7=D9=84=D8=A7=D8=B3=D9=85 =D8=A7=D9=84=D9=83=D8=A7=D9=85=D9=84: =
=D9=81=D9=87=D8=AF =D8=A7=D9=84=D8=B9=D8=AA=D9=8A=D8=A8=D9=8A</p>
<p>=D8=A8=D8=B1=D9=8A=D8=AF =D8=A5=D9=84=D9=83=D8=AA=D8=B1=D9=88=D9=86=
=D9=8A: dnm_888@hotmail.com</p>
<p>=D8=AA=D8=A7=D8=B1=D9=8A=D8=AE =D8=A7=D9=84=D8=AA=D8=B3=D8=AC=D9=8A=
=D9=84: 2024-09-11 22:11:21</p>
<p>=D9=8A=D9=85=D9=83=D9=86=D9=83 =D8=A7=D9=84=D9=85=D9=88=D8=A7=D9=81=
=D9=82=D8=A9 =D8=B9=D9=84=D9=89 =D8=A7=D9=84=D8=B7=D9=84=D8=A8 =D9=87=D9=
=86=D8=A7:<a href=3D'https://stayplan.net/admin/module/user/userUpgradeRequ=
est'>https://stayplan.net/admin/module/user/userUpgradeRequest</a></p>
<p>=D9=8A=D8=B9=D8=AA=D8=A8=D8=B1=D8=8C</p>
<p>=D8=B1=D8=AD=D8=A7=D9=84</p>
    </div>
</div>

            <div class=3D"b-footer" style=3D"margin-top: 0px;">
    <div class=3D"b-container">
       =20
    </div>
</div>        </div>
    </body>
</html>
  
[2024-09-11 22:14:07] production.DEBUG: From: Go Trip <contact@gotrip.test>
To: dnm_888@hotmail.com
Subject: =?utf-8?Q?=D8=A7=D9=84=D9=85=D9=88=D8=A7=D9=81=D9=82=D8=A9?=
 =?utf-8?Q?_=D8=B9=D9=84=D9=89_=D8=AA=D8=B3=D8=AC=D9=8A=D9=84_=D8=A7?=
 =?utf-8?Q?=D9=84=D8=A8=D8=A7=D8=A6=D8=B9=D9=8A=D9=86?=
MIME-Version: 1.0
Date: Wed, 11 Sep 2024 22:14:07 +0300
Message-ID: <ad37fe4bee98da9b82e950be70b82e04@gotrip.test>
Content-Type: text/html; charset=utf-8
Content-Transfer-Encoding: quoted-printable

<!doctype html>
<html xmlns=3D"http://www.w3.org/1999/xhtml" xmlns:v=3D"urn:schemas-microso=
ft-com:vml" xmlns:o=3D"urn:schemas-microsoft-com:office:office">
    <head>
        <title></title>
        <meta http-equiv=3D"X-UA-Compatible" content=3D"IE=3Dedge">
        <!--<![endif]-->
        <meta http-equiv=3D"Content-Type" content=3D"text/html; charset=3DU=
TF-8">
        <meta name=3D"viewport" content=3D"width=3Ddevice-width, initial-sc=
ale=3D1">
        <link rel=3D'stylesheet' id=3D'google-font-css-css'  href=3D'https:=
//fonts.googleapis.com/css?family=3DPoppins%3A400%2C500%2C600' type=3D'text=
/css' media=3D'all' />
        <style>
            .b-email-wrap{
                background: #ebeef2;
                padding: 40px 0px;
                color: #1A2B48;
                font-size: 14px;
                font-family: 'Poppins', sans-serif !important;
                font-weight: normal;
                line-height: 1.5;
                overflow-x: hidden;
                margin: 0px;
            }
            .b-header{
                background: #5191fa;
                padding: 30px;
                color: white;
            }
            .b-header .site-title,
            .b-header h1,
            .b-header h2,
            .b-header h3,
            .b-header h4,
            .b-header h5,
            .b-header p
            {
                margin:0px;
                display: block;
                text-align: center;
            }
            .b-container{
                max-width: 600px;
                margin: 0px auto;
            }

            .b-panel{
                border: 1px solid rgba(0, 0, 0, 0.1);
                margin-bottom: 30px;
                padding: 30px;
                background: white;
            }
            .b-panel .b-panel{
                padding: 0px;
                box-shadow: none;
            }
            .b-panel-title{
                text-align: center;
                margin-bottom: 30px;
                font-size: 24px;
                font-weight: 500;
            }
            .b-table-wrap{
                overflow-x:auto;
            }
            .b-table{
                width: 100%;
            }
            .b-table tr td,
            .b-table .b-tr,
            .b-table tr th{
                padding: 10px;
            }
            .b-table .b-tr{
                clear: both;
                border-bottom: 1px solid #EAEEF3;
            }
            .b-table .b-tr:after{
                display: table;
                clear: both;
                content:'';
            }
            .b-table tr td{
                border-bottom: 1px solid #EAEEF3;
            }
            .b-table tbody tr:nth-child(even) td{
                /*background: #f5f7fd;*/
            }
            .b-table tbody tr td.label,
            .b-table .b-tr .label{
                font-weight: 500;
            }
            .b-table tbody tr td.val,
            .b-table .b-tr .val{
                text-align: right;
            }

            .b-table tbody tr td.val p,
            .b-table .b-tr .val p{
                padding: 0;
                margin: 0;
            }

            .b-table .b-tr .label,
            .b-table .b-tr .val{
                float: left;
                width: 50%;
            }
            .pricing-list{
                text-align: left;
                margin: 0px;
                padding: 0px;
                list-style: none;
            }
            .pricing-list td{
                padding: 7px 0px;
            }
            .pricing-list td .val{
                text-align: right;
            }
            .pricing-list .no-flex{
                display: block;
            }
            .email-headline{
                margin-top: 0px;
            }

            .text-center{
                text-align: center;
            }

            .btn{
                display: inline-block;
                color: #212529;
                text-align: center;
                vertical-align: middle;
                -webkit-user-select: none;
                -moz-user-select: none;
                -ms-user-select: none;
                user-select: none;
                background-color: #ebeef2;
                line-height: 1.5;
                border: none;
                -webkit-box-shadow: none;
                box-shadow: none;
                border-radius: 3px;
                padding: 7px 20px;
                -webkit-transition: background .2s, color .2s;
                transition: background .2s, color .2s;
                font-size: 14px;
                font-weight: 500;
                text-decoration: none;
            }
            .btn.btn-primary{

                background: #5191FA;
                color: white;
            }
            .mt20{
                margin-top: 20px;
            }
            .no-padding{
                padding: 0px;
            }
            .no-r-padding{
                padding-right: 0px!important;
            }
            .fsz21{
                font-size: 21px;
            }
            .no-b-border{
                border-bottom: 0px!important;
            }
            @media screen and (max-width: 768px) {
                .b-panel{
                    padding: 15px;
                }
                .b-table tr td,
                .b-table tr th{
                    padding-right: 2px;
                    padding-left: 2px;
                }
                .b-panel-title{
                    font-size: 18px;
                    font-weight: bold;
                    margin-bottom: 15px;
                }
                .b-email-wrap{
                    padding: 0px;
                }

                .b-table .b-tr .label,
                .b-table .b-tr .val{
                    float:none;
                }

                .b-table .b-tr .val{
                    text-align: left;
                }
            }
                            .b-email-wrap{
                    direction: rtl;
                }
                .b-table tbody tr td.val, .b-table .b-tr .val {
                    text-align: left;
                }
                .b-table .b-tr .label, .b-table .b-tr .val {
                    float: right;
                }
                    </style>
    </head>
    <body>
        <div class=3D"b-email-wrap">
            <div class=3D"" style=3D"">
    <div class=3D"b-container">
        <div class=3D"b-header">
                        <h1 class=3D"site-title">StayPlan | =D8=B3=D8=AA=
=D8=A7=D9=8A =D8=A8=D9=84=D8=A7=D9=86</h1>
        </div>
    </div>
</div>

                <div class=3D"b-container">
        <div class=3D"b-panel">
            <h1>Hello =D9=81=D9=87=D8=AF</h1>

            <p>=D8=A3=D9=86=D8=AA =D8=AA=D8=AA=D9=84=D9=82=D9=89 =D9=87=
=D8=B0=D8=A7 =D8=A7=D9=84=D8=A8=D8=B1=D9=8A=D8=AF =D8=A7=D9=84=D8=A5=D9=
=84=D9=83=D8=AA=D8=B1=D9=88=D9=86=D9=8A =D9=84=D8=A3=D9=86=D9=86=D8=A7 =
=D9=88=D8=A7=D9=81=D9=82=D9=86=D8=A7 =D8=B9=D9=84=D9=89 =D8=B7=D9=84=D8=
=A8 =D8=AA=D8=B3=D8=AC=D9=8A=D9=84 =D8=A7=D9=84=D8=A8=D8=A7=D8=A6=D8=B9 =
=D8=A7=D9=84=D8=AE=D8=A7=D8=B5 =D8=A8=D9=83.</p>
            <p>=D9=8A=D9=85=D9=83=D9=86=D9=83 =D8=A7=D9=84=D8=AA=D8=AD=
=D9=82=D9=82 =D9=85=D9=86 =D9=84=D9=88=D8=AD=D8=A9 =D8=A7=D9=84=D8=AA=D8=
=AD=D9=83=D9=85 =D8=A7=D9=84=D8=AE=D8=A7=D8=B5=D8=A9 =D8=A8=D9=83 =D9=87=
=D9=86=D8=A7: <a href=3D"https://stayplan.net/user/dashboard">=D8=B9=D8=
=B1=D8=B6 =D9=84=D9=88=D8=AD=D8=A9 =D8=A7=D9=84=D8=AA=D8=AD=D9=83=D9=85</a>=
</p>

            <br>
            <p>=D9=8A=D8=B9=D8=AA=D8=A8=D8=B1,<br>StayPlan | =D8=B3=D8=
=AA=D8=A7=D9=8A =D8=A8=D9=84=D8=A7=D9=86</p>
        </div>
    </div>

            <div class=3D"b-footer" style=3D"margin-top: 0px;">
    <div class=3D"b-container">
       =20
    </div>
</div>        </div>
    </body>
</html>
  
