[2026-02-14 10:03:23] local.ERROR: PHP Parse error: Syntax error, unexpected '=' on line 2 {"exception":"[object] (Psy\\Exception\\ParseErrorException(code: 0): PHP Parse error: Syntax error, unexpected '=' on line 2 at C:\\Users\\MoSamir\\Downloads\\public_html\\public_html\\vendor\\psy\\psysh\\src\\Exception\\ParseErrorException.php:38)
[stacktrace]
#0 C:\\Users\\MoSamir\\Downloads\\public_html\\public_html\\vendor\\psy\\psysh\\src\\CodeCleaner.php(339): Psy\\Exception\\ParseErrorException::fromParseError(Object(PhpParser\\Error))
#1 C:\\Users\\MoSamir\\Downloads\\public_html\\public_html\\vendor\\psy\\psysh\\src\\CodeCleaner.php(268): Psy\\CodeCleaner->parse('<?php \\n = [\\n   ...', false)
#2 C:\\Users\\MoSamir\\Downloads\\public_html\\public_html\\vendor\\psy\\psysh\\src\\Shell.php(860): Psy\\CodeCleaner->clean(Array, false)
#3 C:\\Users\\MoSamir\\Downloads\\public_html\\public_html\\vendor\\psy\\psysh\\src\\Shell.php(889): Psy\\Shell->addCode('\\n = [\\n    'Modu...', true)
#4 C:\\Users\\MoSamir\\Downloads\\public_html\\public_html\\vendor\\psy\\psysh\\src\\Shell.php(1343): Psy\\Shell->setCode('\\n = [\\n    'Modu...', true)
#5 C:\\Users\\MoSamir\\Downloads\\public_html\\public_html\\vendor\\laravel\\tinker\\src\\Console\\TinkerCommand.php(76): Psy\\Shell->execute('\\n = [\\n    'Modu...')
#6 C:\\Users\\MoSamir\\Downloads\\public_html\\public_html\\vendor\\laravel\\framework\\src\\Illuminate\\Container\\BoundMethod.php(36): Laravel\\Tinker\\Console\\TinkerCommand->handle()
#7 C:\\Users\\MoSamir\\Downloads\\public_html\\public_html\\vendor\\laravel\\framework\\src\\Illuminate\\Container\\Util.php(41): Illuminate\\Container\\BoundMethod::Illuminate\\Container\\{closure}()
#8 C:\\Users\\MoSamir\\Downloads\\public_html\\public_html\\vendor\\laravel\\framework\\src\\Illuminate\\Container\\BoundMethod.php(93): Illuminate\\Container\\Util::unwrapIfClosure(Object(Closure))
#9 C:\\Users\\MoSamir\\Downloads\\public_html\\public_html\\vendor\\laravel\\framework\\src\\Illuminate\\Container\\BoundMethod.php(35): Illuminate\\Container\\BoundMethod::callBoundMethod(Object(Illuminate\\Foundation\\Application), Array, Object(Closure))
#10 C:\\Users\\MoSamir\\Downloads\\public_html\\public_html\\vendor\\laravel\\framework\\src\\Illuminate\\Container\\Container.php(661): Illuminate\\Container\\BoundMethod::call(Object(Illuminate\\Foundation\\Application), Array, Array, NULL)
#11 C:\\Users\\MoSamir\\Downloads\\public_html\\public_html\\vendor\\laravel\\framework\\src\\Illuminate\\Console\\Command.php(183): Illuminate\\Container\\Container->call(Array)
#12 C:\\Users\\MoSamir\\Downloads\\public_html\\public_html\\vendor\\symfony\\console\\Command\\Command.php(326): Illuminate\\Console\\Command->execute(Object(Symfony\\Component\\Console\\Input\\ArgvInput), Object(Illuminate\\Console\\OutputStyle))
#13 C:\\Users\\MoSamir\\Downloads\\public_html\\public_html\\vendor\\laravel\\framework\\src\\Illuminate\\Console\\Command.php(152): Symfony\\Component\\Console\\Command\\Command->run(Object(Symfony\\Component\\Console\\Input\\ArgvInput), Object(Illuminate\\Console\\OutputStyle))
#14 C:\\Users\\MoSamir\\Downloads\\public_html\\public_html\\vendor\\symfony\\console\\Application.php(1063): Illuminate\\Console\\Command->run(Object(Symfony\\Component\\Console\\Input\\ArgvInput), Object(Symfony\\Component\\Console\\Output\\ConsoleOutput))
#15 C:\\Users\\MoSamir\\Downloads\\public_html\\public_html\\vendor\\symfony\\console\\Application.php(320): Symfony\\Component\\Console\\Application->doRunCommand(Object(Laravel\\Tinker\\Console\\TinkerCommand), Object(Symfony\\Component\\Console\\Input\\ArgvInput), Object(Symfony\\Component\\Console\\Output\\ConsoleOutput))
#16 C:\\Users\\MoSamir\\Downloads\\public_html\\public_html\\vendor\\symfony\\console\\Application.php(174): Symfony\\Component\\Console\\Application->doRun(Object(Symfony\\Component\\Console\\Input\\ArgvInput), Object(Symfony\\Component\\Console\\Output\\ConsoleOutput))
#17 C:\\Users\\MoSamir\\Downloads\\public_html\\public_html\\vendor\\laravel\\framework\\src\\Illuminate\\Console\\Application.php(102): Symfony\\Component\\Console\\Application->run(Object(Symfony\\Component\\Console\\Input\\ArgvInput), Object(Symfony\\Component\\Console\\Output\\ConsoleOutput))
#18 C:\\Users\\MoSamir\\Downloads\\public_html\\public_html\\vendor\\laravel\\framework\\src\\Illuminate\\Foundation\\Console\\Kernel.php(155): Illuminate\\Console\\Application->run(Object(Symfony\\Component\\Console\\Input\\ArgvInput), Object(Symfony\\Component\\Console\\Output\\ConsoleOutput))
#19 C:\\Users\\MoSamir\\Downloads\\public_html\\public_html\\artisan(38): Illuminate\\Foundation\\Console\\Kernel->handle(Object(Symfony\\Component\\Console\\Input\\ArgvInput), Object(Symfony\\Component\\Console\\Output\\ConsoleOutput))
#20 {main}
"} 
[2026-02-14 10:06:36] local.ERROR: PHP Parse error: Syntax error, unexpected ')' on line 1 {"exception":"[object] (Psy\\Exception\\ParseErrorException(code: 0): PHP Parse error: Syntax error, unexpected ')' on line 1 at C:\\Users\\MoSamir\\Downloads\\public_html\\public_html\\vendor\\psy\\psysh\\src\\Exception\\ParseErrorException.php:38)
[stacktrace]
#0 C:\\Users\\MoSamir\\Downloads\\public_html\\public_html\\vendor\\psy\\psysh\\src\\CodeCleaner.php(339): Psy\\Exception\\ParseErrorException::fromParseError(Object(PhpParser\\Error))
#1 C:\\Users\\MoSamir\\Downloads\\public_html\\public_html\\vendor\\psy\\psysh\\src\\CodeCleaner.php(268): Psy\\CodeCleaner->parse('<?php foreach(\\\\...', false)
#2 C:\\Users\\MoSamir\\Downloads\\public_html\\public_html\\vendor\\psy\\psysh\\src\\Shell.php(860): Psy\\CodeCleaner->clean(Array, false)
#3 C:\\Users\\MoSamir\\Downloads\\public_html\\public_html\\vendor\\psy\\psysh\\src\\Shell.php(889): Psy\\Shell->addCode('foreach(\\\\Module...', true)
#4 C:\\Users\\MoSamir\\Downloads\\public_html\\public_html\\vendor\\psy\\psysh\\src\\Shell.php(1343): Psy\\Shell->setCode('foreach(\\\\Module...', true)
#5 C:\\Users\\MoSamir\\Downloads\\public_html\\public_html\\vendor\\laravel\\tinker\\src\\Console\\TinkerCommand.php(76): Psy\\Shell->execute('foreach(\\\\Module...')
#6 C:\\Users\\MoSamir\\Downloads\\public_html\\public_html\\vendor\\laravel\\framework\\src\\Illuminate\\Container\\BoundMethod.php(36): Laravel\\Tinker\\Console\\TinkerCommand->handle()
#7 C:\\Users\\MoSamir\\Downloads\\public_html\\public_html\\vendor\\laravel\\framework\\src\\Illuminate\\Container\\Util.php(41): Illuminate\\Container\\BoundMethod::Illuminate\\Container\\{closure}()
#8 C:\\Users\\MoSamir\\Downloads\\public_html\\public_html\\vendor\\laravel\\framework\\src\\Illuminate\\Container\\BoundMethod.php(93): Illuminate\\Container\\Util::unwrapIfClosure(Object(Closure))
#9 C:\\Users\\MoSamir\\Downloads\\public_html\\public_html\\vendor\\laravel\\framework\\src\\Illuminate\\Container\\BoundMethod.php(35): Illuminate\\Container\\BoundMethod::callBoundMethod(Object(Illuminate\\Foundation\\Application), Array, Object(Closure))
#10 C:\\Users\\MoSamir\\Downloads\\public_html\\public_html\\vendor\\laravel\\framework\\src\\Illuminate\\Container\\Container.php(661): Illuminate\\Container\\BoundMethod::call(Object(Illuminate\\Foundation\\Application), Array, Array, NULL)
#11 C:\\Users\\MoSamir\\Downloads\\public_html\\public_html\\vendor\\laravel\\framework\\src\\Illuminate\\Console\\Command.php(183): Illuminate\\Container\\Container->call(Array)
#12 C:\\Users\\MoSamir\\Downloads\\public_html\\public_html\\vendor\\symfony\\console\\Command\\Command.php(326): Illuminate\\Console\\Command->execute(Object(Symfony\\Component\\Console\\Input\\ArgvInput), Object(Illuminate\\Console\\OutputStyle))
#13 C:\\Users\\MoSamir\\Downloads\\public_html\\public_html\\vendor\\laravel\\framework\\src\\Illuminate\\Console\\Command.php(152): Symfony\\Component\\Console\\Command\\Command->run(Object(Symfony\\Component\\Console\\Input\\ArgvInput), Object(Illuminate\\Console\\OutputStyle))
#14 C:\\Users\\MoSamir\\Downloads\\public_html\\public_html\\vendor\\symfony\\console\\Application.php(1063): Illuminate\\Console\\Command->run(Object(Symfony\\Component\\Console\\Input\\ArgvInput), Object(Symfony\\Component\\Console\\Output\\ConsoleOutput))
#15 C:\\Users\\MoSamir\\Downloads\\public_html\\public_html\\vendor\\symfony\\console\\Application.php(320): Symfony\\Component\\Console\\Application->doRunCommand(Object(Laravel\\Tinker\\Console\\TinkerCommand), Object(Symfony\\Component\\Console\\Input\\ArgvInput), Object(Symfony\\Component\\Console\\Output\\ConsoleOutput))
#16 C:\\Users\\MoSamir\\Downloads\\public_html\\public_html\\vendor\\symfony\\console\\Application.php(174): Symfony\\Component\\Console\\Application->doRun(Object(Symfony\\Component\\Console\\Input\\ArgvInput), Object(Symfony\\Component\\Console\\Output\\ConsoleOutput))
#17 C:\\Users\\MoSamir\\Downloads\\public_html\\public_html\\vendor\\laravel\\framework\\src\\Illuminate\\Console\\Application.php(102): Symfony\\Component\\Console\\Application->run(Object(Symfony\\Component\\Console\\Input\\ArgvInput), Object(Symfony\\Component\\Console\\Output\\ConsoleOutput))
#18 C:\\Users\\MoSamir\\Downloads\\public_html\\public_html\\vendor\\laravel\\framework\\src\\Illuminate\\Foundation\\Console\\Kernel.php(155): Illuminate\\Console\\Application->run(Object(Symfony\\Component\\Console\\Input\\ArgvInput), Object(Symfony\\Component\\Console\\Output\\ConsoleOutput))
#19 C:\\Users\\MoSamir\\Downloads\\public_html\\public_html\\artisan(38): Illuminate\\Foundation\\Console\\Kernel->handle(Object(Symfony\\Component\\Console\\Input\\ArgvInput), Object(Symfony\\Component\\Console\\Output\\ConsoleOutput))
#20 {main}
"} 
[2026-02-14 10:06:56] local.ERROR: PHP Parse error: Syntax error, unexpected ')' on line 1 {"exception":"[object] (Psy\\Exception\\ParseErrorException(code: 0): PHP Parse error: Syntax error, unexpected ')' on line 1 at C:\\Users\\MoSamir\\Downloads\\public_html\\public_html\\vendor\\psy\\psysh\\src\\Exception\\ParseErrorException.php:38)
[stacktrace]
#0 C:\\Users\\MoSamir\\Downloads\\public_html\\public_html\\vendor\\psy\\psysh\\src\\CodeCleaner.php(339): Psy\\Exception\\ParseErrorException::fromParseError(Object(PhpParser\\Error))
#1 C:\\Users\\MoSamir\\Downloads\\public_html\\public_html\\vendor\\psy\\psysh\\src\\CodeCleaner.php(268): Psy\\CodeCleaner->parse('<?php foreach(\\\\...', false)
#2 C:\\Users\\MoSamir\\Downloads\\public_html\\public_html\\vendor\\psy\\psysh\\src\\Shell.php(860): Psy\\CodeCleaner->clean(Array, false)
#3 C:\\Users\\MoSamir\\Downloads\\public_html\\public_html\\vendor\\psy\\psysh\\src\\Shell.php(889): Psy\\Shell->addCode('foreach(\\\\Module...', true)
#4 C:\\Users\\MoSamir\\Downloads\\public_html\\public_html\\vendor\\psy\\psysh\\src\\Shell.php(1343): Psy\\Shell->setCode('foreach(\\\\Module...', true)
#5 C:\\Users\\MoSamir\\Downloads\\public_html\\public_html\\vendor\\laravel\\tinker\\src\\Console\\TinkerCommand.php(76): Psy\\Shell->execute('foreach(\\\\Module...')
#6 C:\\Users\\MoSamir\\Downloads\\public_html\\public_html\\vendor\\laravel\\framework\\src\\Illuminate\\Container\\BoundMethod.php(36): Laravel\\Tinker\\Console\\TinkerCommand->handle()
#7 C:\\Users\\MoSamir\\Downloads\\public_html\\public_html\\vendor\\laravel\\framework\\src\\Illuminate\\Container\\Util.php(41): Illuminate\\Container\\BoundMethod::Illuminate\\Container\\{closure}()
#8 C:\\Users\\MoSamir\\Downloads\\public_html\\public_html\\vendor\\laravel\\framework\\src\\Illuminate\\Container\\BoundMethod.php(93): Illuminate\\Container\\Util::unwrapIfClosure(Object(Closure))
#9 C:\\Users\\MoSamir\\Downloads\\public_html\\public_html\\vendor\\laravel\\framework\\src\\Illuminate\\Container\\BoundMethod.php(35): Illuminate\\Container\\BoundMethod::callBoundMethod(Object(Illuminate\\Foundation\\Application), Array, Object(Closure))
#10 C:\\Users\\MoSamir\\Downloads\\public_html\\public_html\\vendor\\laravel\\framework\\src\\Illuminate\\Container\\Container.php(661): Illuminate\\Container\\BoundMethod::call(Object(Illuminate\\Foundation\\Application), Array, Array, NULL)
#11 C:\\Users\\MoSamir\\Downloads\\public_html\\public_html\\vendor\\laravel\\framework\\src\\Illuminate\\Console\\Command.php(183): Illuminate\\Container\\Container->call(Array)
#12 C:\\Users\\MoSamir\\Downloads\\public_html\\public_html\\vendor\\symfony\\console\\Command\\Command.php(326): Illuminate\\Console\\Command->execute(Object(Symfony\\Component\\Console\\Input\\ArgvInput), Object(Illuminate\\Console\\OutputStyle))
#13 C:\\Users\\MoSamir\\Downloads\\public_html\\public_html\\vendor\\laravel\\framework\\src\\Illuminate\\Console\\Command.php(152): Symfony\\Component\\Console\\Command\\Command->run(Object(Symfony\\Component\\Console\\Input\\ArgvInput), Object(Illuminate\\Console\\OutputStyle))
#14 C:\\Users\\MoSamir\\Downloads\\public_html\\public_html\\vendor\\symfony\\console\\Application.php(1063): Illuminate\\Console\\Command->run(Object(Symfony\\Component\\Console\\Input\\ArgvInput), Object(Symfony\\Component\\Console\\Output\\ConsoleOutput))
#15 C:\\Users\\MoSamir\\Downloads\\public_html\\public_html\\vendor\\symfony\\console\\Application.php(320): Symfony\\Component\\Console\\Application->doRunCommand(Object(Laravel\\Tinker\\Console\\TinkerCommand), Object(Symfony\\Component\\Console\\Input\\ArgvInput), Object(Symfony\\Component\\Console\\Output\\ConsoleOutput))
#16 C:\\Users\\MoSamir\\Downloads\\public_html\\public_html\\vendor\\symfony\\console\\Application.php(174): Symfony\\Component\\Console\\Application->doRun(Object(Symfony\\Component\\Console\\Input\\ArgvInput), Object(Symfony\\Component\\Console\\Output\\ConsoleOutput))
#17 C:\\Users\\MoSamir\\Downloads\\public_html\\public_html\\vendor\\laravel\\framework\\src\\Illuminate\\Console\\Application.php(102): Symfony\\Component\\Console\\Application->run(Object(Symfony\\Component\\Console\\Input\\ArgvInput), Object(Symfony\\Component\\Console\\Output\\ConsoleOutput))
#18 C:\\Users\\MoSamir\\Downloads\\public_html\\public_html\\vendor\\laravel\\framework\\src\\Illuminate\\Foundation\\Console\\Kernel.php(155): Illuminate\\Console\\Application->run(Object(Symfony\\Component\\Console\\Input\\ArgvInput), Object(Symfony\\Component\\Console\\Output\\ConsoleOutput))
#19 C:\\Users\\MoSamir\\Downloads\\public_html\\public_html\\artisan(38): Illuminate\\Foundation\\Console\\Kernel->handle(Object(Symfony\\Component\\Console\\Input\\ArgvInput), Object(Symfony\\Component\\Console\\Output\\ConsoleOutput))
#20 {main}
"} 
